<?xml version="1.0" encoding="UTF-8" standalone="no"?>
<testsuite errors="0" failures="0" name="io.cucumber.core.plugin.JUnitFormatter" skipped="1" tests="2" time="45.324">
<testcase classname="feature to test google search functionality" name="validate google search is working" time="8.722">
<skipped><![CDATA[Given browser is open.......................................................passed
And user is on google search page...........................................undefined
When user enter a text in searh box.........................................undefined
And hits enter..............................................................undefined
Then user is navigated to search result.....................................undefined
]]></skipped>
</testcase>
<testcase classname="feature to test login functionality" name="check login is successfull with valid credentials" time="35.051">
<system-out><![CDATA[Given browser is open.......................................................passed
And user is on login page...................................................passed
When user enters username and password......................................passed
And user clciks on login button.............................................passed
Then user is navigated to home page.........................................passed
]]></system-out>
</testcase>
</testsuite>
